<?xml version="1.0" encoding="UTF-8"?>
<testng-results skipped="0" failed="0" total="1" passed="1">
  <reporter-output>
  </reporter-output>
  <suite name="Default suite" duration-ms="39433" started-at="2016-01-06T08:37:47Z" finished-at="2016-01-06T08:38:27Z">
    <groups>
    </groups>
    <test name="Default test" duration-ms="39433" started-at="2016-01-06T08:37:47Z" finished-at="2016-01-06T08:38:27Z">
      <class name="Testng.Triangle">
        <test-method status="PASS" signature="setUp()[pri:0, instance:Testng.Triangle@71c7db30]" name="setUp" is-config="true" duration-ms="7290" started-at="2016-01-06T14:07:47Z" finished-at="2016-01-06T14:07:55Z">
          <reporter-output>
          </reporter-output>
        </test-method> <!-- setUp -->
        <test-method status="PASS" signature="test()[pri:0, instance:Testng.Triangle@71c7db30]" name="test" duration-ms="31447" started-at="2016-01-06T14:07:55Z" finished-at="2016-01-06T14:08:26Z">
          <reporter-output>
          </reporter-output>
        </test-method> <!-- test -->
        <test-method status="PASS" signature="tearDown()[pri:0, instance:Testng.Triangle@71c7db30]" name="tearDown" is-config="true" duration-ms="684" started-at="2016-01-06T14:08:26Z" finished-at="2016-01-06T14:08:27Z">
          <reporter-output>
          </reporter-output>
        </test-method> <!-- tearDown -->
      </class> <!-- Testng.Triangle -->
    </test> <!-- Default test -->
  </suite> <!-- Default suite -->
</testng-results>
